android/app/build/intermediates/manifest_merge_blame_file/debug/manifest-merger-blame-debug-report.txt
1<?xml version="1.0" encoding="utf-8"?>
2<manifest xmlns:android="http://schemas.android.com/apk/res/android"
3    package="com.tapmap.app"
4    android:versionCode="2"
5    android:versionName="1.0.0" >
6
7    <uses-sdk
8        android:minSdkVersion="21"
9        android:targetSdkVersion="35" />
10    <!--
11         The INTERNET permission is required for development. Specifically,
12         the Flutter tool needs it to communicate with the running application
13         to allow setting breakpoints, to provide hot reload, etc.
14    -->
15    <uses-permission android:name="android.permission.INTERNET" />
15-->src/main/AndroidManifest.xml:2:5-67
15-->src/main/AndroidManifest.xml:2:22-64
16    <uses-permission android:name="android.permission.CALL_PHONE" />
16-->src/main/AndroidManifest.xml:3:5-69
16-->src/main/AndroidManifest.xml:3:22-66
17    <uses-permission android:name="android.permission.ACCESS_FINE_LOCATION" />
17-->src/main/AndroidManifest.xml:4:5-79
17-->src/main/AndroidManifest.xml:4:22-76
18    <uses-permission android:name="android.permission.ACCESS_COARSE_LOCATION" />
18-->src/main/AndroidManifest.xml:5:5-81
18-->src/main/AndroidManifest.xml:5:22-78
19    <uses-permission android:name="android.permission.ACCESS_BACKGROUND_LOCATION" />
19-->src/main/AndroidManifest.xml:6:5-85
19-->src/main/AndroidManifest.xml:6:22-82
20
21    <queries>
21-->src/main/AndroidManifest.xml:53:5-58:15
22        <intent>
22-->src/main/AndroidManifest.xml:54:9-57:18
23            <action android:name="android.intent.action.PROCESS_TEXT" />
23-->src/main/AndroidManifest.xml:55:13-73
23-->src/main/AndroidManifest.xml:55:21-70
24
25            <data android:mimeType="text/plain" />
25-->src/main/AndroidManifest.xml:56:13-51
25-->src/main/AndroidManifest.xml:56:19-48
26        </intent>
27    </queries>
28
29    <uses-permission android:name="android.permission.WAKE_LOCK" />
29-->[:firebase_messaging] AndroidManifest.xml:8:5-68
29-->[:firebase_messaging] AndroidManifest.xml:8:22-65
30    <uses-permission android:name="android.permission.ACCESS_NETWORK_STATE" /> <!-- Permissions options for the `notification` group -->
30-->[:firebase_messaging] AndroidManifest.xml:9:5-79
30-->[:firebase_messaging] AndroidManifest.xml:9:22-76
31    <uses-permission android:name="android.permission.POST_NOTIFICATIONS" />
31-->[:firebase_messaging] AndroidManifest.xml:11:5-77
31-->[:firebase_messaging] AndroidManifest.xml:11:22-74
32    <uses-permission android:name="android.permission.VIBRATE" /> <!-- Required by older versions of Google Play services to create IID tokens -->
32-->[:flutter_local_notifications] AndroidManifest.xml:7:5-66
32-->[:flutter_local_notifications] AndroidManifest.xml:7:22-63
33    <uses-permission android:name="com.google.android.c2dm.permission.RECEIVE" />
33-->[com.google.firebase:firebase-messaging:24.1.1] AndroidManifest.xml:26:5-82
33-->[com.google.firebase:firebase-messaging:24.1.1] AndroidManifest.xml:26:22-79
34
35    <uses-feature
35-->[com.mapbox.maps:android-core:11.11.0] AndroidManifest.xml:8:5-10:35
36        android:glEsVersion="0x00030000"
36-->[com.mapbox.maps:android-core:11.11.0] AndroidManifest.xml:9:9-41
37        android:required="true" />
37-->[com.mapbox.maps:android-core:11.11.0] AndroidManifest.xml:10:9-32
38    <uses-feature
38-->[com.mapbox.maps:android-core:11.11.0] AndroidManifest.xml:11:5-13:36
39        android:name="android.hardware.wifi"
39-->[com.mapbox.maps:android-core:11.11.0] AndroidManifest.xml:12:9-45
40        android:required="false" />
40-->[com.mapbox.maps:android-core:11.11.0] AndroidManifest.xml:13:9-33
41
42    <uses-permission android:name="android.permission.ACCESS_WIFI_STATE" />
42-->[com.mapbox.maps:android-core:11.11.0] AndroidManifest.xml:17:5-76
42-->[com.mapbox.maps:android-core:11.11.0] AndroidManifest.xml:17:22-73
43
44    <permission
44-->[androidx.core:core:1.13.1] AndroidManifest.xml:22:5-24:47
45        android:name="com.tapmap.app.DYNAMIC_RECEIVER_NOT_EXPORTED_PERMISSION"
45-->[androidx.core:core:1.13.1] AndroidManifest.xml:23:9-81
46        android:protectionLevel="signature" />
46-->[androidx.core:core:1.13.1] AndroidManifest.xml:24:9-44
47
48    <uses-permission android:name="com.tapmap.app.DYNAMIC_RECEIVER_NOT_EXPORTED_PERMISSION" />
48-->[androidx.core:core:1.13.1] AndroidManifest.xml:26:5-97
48-->[androidx.core:core:1.13.1] AndroidManifest.xml:26:22-94
49
50    <application
51        android:name="android.app.Application"
52        android:appComponentFactory="androidx.core.app.CoreComponentFactory"
52-->[androidx.core:core:1.13.1] AndroidManifest.xml:28:18-86
53        android:debuggable="true"
54        android:enableOnBackInvokedCallback="true"
55        android:extractNativeLibs="true"
56        android:hardwareAccelerated="true"
57        android:icon="@mipmap/ic_launcher"
58        android:label="tap_map"
59        android:largeHeap="true"
60        android:usesCleartextTraffic="true" >
61        <service
62            android:name="io.flutter.plugins.firebasemessaging.FlutterFirebaseMessagingService"
63            android:exported="false" >
64            <intent-filter>
64-->[:firebase_messaging] AndroidManifest.xml:21:13-23:29
65                <action android:name="com.google.firebase.MESSAGING_EVENT" />
65-->[:firebase_messaging] AndroidManifest.xml:22:17-78
65-->[:firebase_messaging] AndroidManifest.xml:22:25-75
66            </intent-filter>
67        </service>
68
69        <activity
70            android:name="com.tapmap.app.MainActivity"
71            android:configChanges="orientation|keyboardHidden|keyboard|screenSize|smallestScreenSize|locale|layoutDirection|fontScale|screenLayout|density|uiMode"
72            android:exported="true"
73            android:hardwareAccelerated="true"
74            android:launchMode="singleTop"
75            android:taskAffinity=""
76            android:theme="@style/LaunchTheme"
77            android:windowSoftInputMode="adjustResize" >
78            <meta-data
79                android:name="io.flutter.embedding.android.NormalTheme"
80                android:resource="@style/NormalTheme" />
81
82            <intent-filter>
83                <action android:name="android.intent.action.MAIN" />
84
85                <category android:name="android.intent.category.LAUNCHER" />
86            </intent-filter>
87            <!-- Deep Link -->
88            <intent-filter>
89                <action android:name="android.intent.action.VIEW" />
90
91                <category android:name="android.intent.category.DEFAULT" />
92                <category android:name="android.intent.category.BROWSABLE" />
93
94                <data
94-->src/main/AndroidManifest.xml:56:13-51
95                    android:pathPrefix="/reset_password_confirm"
96                    android:scheme="tapmap" />
97            </intent-filter>
98        </activity>
99
100        <meta-data
101            android:name="flutterEmbedding"
102            android:value="2" />
103
104        <service
104-->[:firebase_messaging] AndroidManifest.xml:14:9-17:72
105            android:name="io.flutter.plugins.firebase.messaging.FlutterFirebaseMessagingBackgroundService"
105-->[:firebase_messaging] AndroidManifest.xml:15:13-107
106            android:exported="false"
106-->[:firebase_messaging] AndroidManifest.xml:16:13-37
107            android:permission="android.permission.BIND_JOB_SERVICE" />
107-->[:firebase_messaging] AndroidManifest.xml:17:13-69
108        <service
108-->[:firebase_messaging] AndroidManifest.xml:18:9-24:19
109            android:name="io.flutter.plugins.firebase.messaging.FlutterFirebaseMessagingService"
109-->[:firebase_messaging] AndroidManifest.xml:19:13-97
110            android:exported="false" >
110-->[:firebase_messaging] AndroidManifest.xml:20:13-37
111            <intent-filter>
111-->[:firebase_messaging] AndroidManifest.xml:21:13-23:29
112                <action android:name="com.google.firebase.MESSAGING_EVENT" />
112-->[:firebase_messaging] AndroidManifest.xml:22:17-78
112-->[:firebase_messaging] AndroidManifest.xml:22:25-75
113            </intent-filter>
114        </service>
115
116        <receiver
116-->[:firebase_messaging] AndroidManifest.xml:26:9-33:20
117            android:name="io.flutter.plugins.firebase.messaging.FlutterFirebaseMessagingReceiver"
117-->[:firebase_messaging] AndroidManifest.xml:27:13-98
118            android:exported="true"
118-->[:firebase_messaging] AndroidManifest.xml:28:13-36
119            android:permission="com.google.android.c2dm.permission.SEND" >
119-->[:firebase_messaging] AndroidManifest.xml:29:13-73
120            <intent-filter>
120-->[:firebase_messaging] AndroidManifest.xml:30:13-32:29
121                <action android:name="com.google.android.c2dm.intent.RECEIVE" />
121-->[:firebase_messaging] AndroidManifest.xml:31:17-81
121-->[:firebase_messaging] AndroidManifest.xml:31:25-78
122            </intent-filter>
123        </receiver>
124
125        <service
125-->[:firebase_messaging] AndroidManifest.xml:35:9-39:19
126            android:name="com.google.firebase.components.ComponentDiscoveryService"
126-->[:firebase_messaging] AndroidManifest.xml:35:18-89
127            android:directBootAware="true"
127-->[com.google.firebase:firebase-common:21.0.0] AndroidManifest.xml:32:13-43
128            android:exported="false" >
128-->[com.google.firebase:firebase-messaging:24.1.1] AndroidManifest.xml:56:13-37
129            <meta-data
129-->[:firebase_messaging] AndroidManifest.xml:36:13-38:85
130                android:name="com.google.firebase.components:io.flutter.plugins.firebase.messaging.FlutterFirebaseAppRegistrar"
130-->[:firebase_messaging] AndroidManifest.xml:37:17-128
131                android:value="com.google.firebase.components.ComponentRegistrar" />
131-->[:firebase_messaging] AndroidManifest.xml:38:17-82
132            <meta-data
132-->[:firebase_core] AndroidManifest.xml:9:13-11:85
133                android:name="com.google.firebase.components:io.flutter.plugins.firebase.core.FlutterFirebaseCoreRegistrar"
133-->[:firebase_core] AndroidManifest.xml:10:17-124
134                android:value="com.google.firebase.components.ComponentRegistrar" />
134-->[:firebase_core] AndroidManifest.xml:11:17-82
135            <meta-data
135-->[com.google.firebase:firebase-messaging:24.1.1] AndroidManifest.xml:57:13-59:85
136                android:name="com.google.firebase.components:com.google.firebase.messaging.FirebaseMessagingKtxRegistrar"
136-->[com.google.firebase:firebase-messaging:24.1.1] AndroidManifest.xml:58:17-122
137                android:value="com.google.firebase.components.ComponentRegistrar" />
137-->[com.google.firebase:firebase-messaging:24.1.1] AndroidManifest.xml:59:17-82
138            <meta-data
138-->[com.google.firebase:firebase-messaging:24.1.1] AndroidManifest.xml:60:13-62:85
139                android:name="com.google.firebase.components:com.google.firebase.messaging.FirebaseMessagingRegistrar"
139-->[com.google.firebase:firebase-messaging:24.1.1] AndroidManifest.xml:61:17-119
140                android:value="com.google.firebase.components.ComponentRegistrar" />
140-->[com.google.firebase:firebase-messaging:24.1.1] AndroidManifest.xml:62:17-82
141            <meta-data
141-->[com.google.firebase:firebase-installations:18.0.0] AndroidManifest.xml:15:13-17:85
142                android:name="com.google.firebase.components:com.google.firebase.installations.FirebaseInstallationsKtxRegistrar"
142-->[com.google.firebase:firebase-installations:18.0.0] AndroidManifest.xml:16:17-130
143                android:value="com.google.firebase.components.ComponentRegistrar" />
143-->[com.google.firebase:firebase-installations:18.0.0] AndroidManifest.xml:17:17-82
144            <meta-data
144-->[com.google.firebase:firebase-installations:18.0.0] AndroidManifest.xml:18:13-20:85
145                android:name="com.google.firebase.components:com.google.firebase.installations.FirebaseInstallationsRegistrar"
145-->[com.google.firebase:firebase-installations:18.0.0] AndroidManifest.xml:19:17-127
146                android:value="com.google.firebase.components.ComponentRegistrar" />
146-->[com.google.firebase:firebase-installations:18.0.0] AndroidManifest.xml:20:17-82
147            <meta-data
147-->[com.google.firebase:firebase-common-ktx:21.0.0] AndroidManifest.xml:12:13-14:85
148                android:name="com.google.firebase.components:com.google.firebase.ktx.FirebaseCommonLegacyRegistrar"
148-->[com.google.firebase:firebase-common-ktx:21.0.0] AndroidManifest.xml:13:17-116
149                android:value="com.google.firebase.components.ComponentRegistrar" />
149-->[com.google.firebase:firebase-common-ktx:21.0.0] AndroidManifest.xml:14:17-82
150            <meta-data
150-->[com.google.firebase:firebase-common:21.0.0] AndroidManifest.xml:35:13-37:85
151                android:name="com.google.firebase.components:com.google.firebase.FirebaseCommonKtxRegistrar"
151-->[com.google.firebase:firebase-common:21.0.0] AndroidManifest.xml:36:17-109
152                android:value="com.google.firebase.components.ComponentRegistrar" />
152-->[com.google.firebase:firebase-common:21.0.0] AndroidManifest.xml:37:17-82
153            <meta-data
153-->[com.google.firebase:firebase-datatransport:18.2.0] AndroidManifest.xml:25:13-27:85
154                android:name="com.google.firebase.components:com.google.firebase.datatransport.TransportRegistrar"
154-->[com.google.firebase:firebase-datatransport:18.2.0] AndroidManifest.xml:26:17-115
155                android:value="com.google.firebase.components.ComponentRegistrar" />
155-->[com.google.firebase:firebase-datatransport:18.2.0] AndroidManifest.xml:27:17-82
156        </service>
157
158        <provider
158-->[:firebase_messaging] AndroidManifest.xml:41:9-45:38
159            android:name="io.flutter.plugins.firebase.messaging.FlutterFirebaseMessagingInitProvider"
159-->[:firebase_messaging] AndroidManifest.xml:42:13-102
160            android:authorities="com.tapmap.app.flutterfirebasemessaginginitprovider"
160-->[:firebase_messaging] AndroidManifest.xml:43:13-88
161            android:exported="false"
161-->[:firebase_messaging] AndroidManifest.xml:44:13-37
162            android:initOrder="99" />
162-->[:firebase_messaging] AndroidManifest.xml:45:13-35
163        <provider
163-->[:image_picker_android] AndroidManifest.xml:9:9-17:20
164            android:name="io.flutter.plugins.imagepicker.ImagePickerFileProvider"
164-->[:image_picker_android] AndroidManifest.xml:10:13-82
165            android:authorities="com.tapmap.app.flutter.image_provider"
165-->[:image_picker_android] AndroidManifest.xml:11:13-74
166            android:exported="false"
166-->[:image_picker_android] AndroidManifest.xml:12:13-37
167            android:grantUriPermissions="true" >
167-->[:image_picker_android] AndroidManifest.xml:13:13-47
168            <meta-data
168-->[:image_picker_android] AndroidManifest.xml:14:13-16:75
169                android:name="android.support.FILE_PROVIDER_PATHS"
169-->[:image_picker_android] AndroidManifest.xml:15:17-67
170                android:resource="@xml/flutter_image_picker_file_paths" />
170-->[:image_picker_android] AndroidManifest.xml:16:17-72
171        </provider> <!-- Trigger Google Play services to install the backported photo picker module. -->
172        <service
172-->[:image_picker_android] AndroidManifest.xml:19:9-31:19
173            android:name="com.google.android.gms.metadata.ModuleDependencies"
173-->[:image_picker_android] AndroidManifest.xml:20:13-78
174            android:enabled="false"
174-->[:image_picker_android] AndroidManifest.xml:21:13-36
175            android:exported="false" >
175-->[:image_picker_android] AndroidManifest.xml:22:13-37
176            <intent-filter>
176-->[:image_picker_android] AndroidManifest.xml:24:13-26:29
177                <action android:name="com.google.android.gms.metadata.MODULE_DEPENDENCIES" />
177-->[:image_picker_android] AndroidManifest.xml:25:17-94
177-->[:image_picker_android] AndroidManifest.xml:25:25-91
178            </intent-filter>
179
180            <meta-data
180-->[:image_picker_android] AndroidManifest.xml:28:13-30:36
181                android:name="photopicker_activity:0:required"
181-->[:image_picker_android] AndroidManifest.xml:29:17-63
182                android:value="" />
182-->[:image_picker_android] AndroidManifest.xml:30:17-33
183        </service>
184        <service
184-->[:geolocator_android] AndroidManifest.xml:8:9-12:56
185            android:name="com.baseflow.geolocator.GeolocatorLocationService"
185-->[:geolocator_android] AndroidManifest.xml:9:13-77
186            android:enabled="true"
186-->[:geolocator_android] AndroidManifest.xml:10:13-35
187            android:exported="false"
187-->[:geolocator_android] AndroidManifest.xml:11:13-37
188            android:foregroundServiceType="location" />
188-->[:geolocator_android] AndroidManifest.xml:12:13-53
189        <!--
190           Declares a provider which allows us to store files to share in
191           '.../caches/share_plus' and grant the receiving action access
192        -->
193        <provider
193-->[:share_plus] AndroidManifest.xml:13:9-21:20
194            android:name="dev.fluttercommunity.plus.share.ShareFileProvider"
194-->[:share_plus] AndroidManifest.xml:14:13-77
195            android:authorities="com.tapmap.app.flutter.share_provider"
195-->[:share_plus] AndroidManifest.xml:15:13-74
196            android:exported="false"
196-->[:share_plus] AndroidManifest.xml:16:13-37
197            android:grantUriPermissions="true" >
197-->[:share_plus] AndroidManifest.xml:17:13-47
198            <meta-data
198-->[:image_picker_android] AndroidManifest.xml:14:13-16:75
199                android:name="android.support.FILE_PROVIDER_PATHS"
199-->[:image_picker_android] AndroidManifest.xml:15:17-67
200                android:resource="@xml/flutter_share_file_paths" />
200-->[:image_picker_android] AndroidManifest.xml:16:17-72
201        </provider>
202        <!--
203           This manifest declared broadcast receiver allows us to use an explicit
204           Intent when creating a PendingItent to be informed of the user's choice
205        -->
206        <receiver
206-->[:share_plus] AndroidManifest.xml:26:9-32:20
207            android:name="dev.fluttercommunity.plus.share.SharePlusPendingIntent"
207-->[:share_plus] AndroidManifest.xml:27:13-82
208            android:exported="false" >
208-->[:share_plus] AndroidManifest.xml:28:13-37
209            <intent-filter>
209-->[:share_plus] AndroidManifest.xml:29:13-31:29
210                <action android:name="EXTRA_CHOSEN_COMPONENT" />
210-->[:share_plus] AndroidManifest.xml:30:17-65
210-->[:share_plus] AndroidManifest.xml:30:25-62
211            </intent-filter>
212        </receiver>
213        <receiver
213-->[com.google.firebase:firebase-messaging:24.1.1] AndroidManifest.xml:29:9-40:20
214            android:name="com.google.firebase.iid.FirebaseInstanceIdReceiver"
214-->[com.google.firebase:firebase-messaging:24.1.1] AndroidManifest.xml:30:13-78
215            android:exported="true"
215-->[com.google.firebase:firebase-messaging:24.1.1] AndroidManifest.xml:31:13-36
216            android:permission="com.google.android.c2dm.permission.SEND" >
216-->[com.google.firebase:firebase-messaging:24.1.1] AndroidManifest.xml:32:13-73
217            <intent-filter>
217-->[:firebase_messaging] AndroidManifest.xml:30:13-32:29
218                <action android:name="com.google.android.c2dm.intent.RECEIVE" />
218-->[:firebase_messaging] AndroidManifest.xml:31:17-81
218-->[:firebase_messaging] AndroidManifest.xml:31:25-78
219            </intent-filter>
220
221            <meta-data
221-->[com.google.firebase:firebase-messaging:24.1.1] AndroidManifest.xml:37:13-39:40
222                android:name="com.google.android.gms.cloudmessaging.FINISHED_AFTER_HANDLED"
222-->[com.google.firebase:firebase-messaging:24.1.1] AndroidManifest.xml:38:17-92
223                android:value="true" />
223-->[com.google.firebase:firebase-messaging:24.1.1] AndroidManifest.xml:39:17-37
224        </receiver>
225        <!--
226             FirebaseMessagingService performs security checks at runtime,
227             but set to not exported to explicitly avoid allowing another app to call it.
228        -->
229        <service
229-->[com.google.firebase:firebase-messaging:24.1.1] AndroidManifest.xml:46:9-53:19
230            android:name="com.google.firebase.messaging.FirebaseMessagingService"
230-->[com.google.firebase:firebase-messaging:24.1.1] AndroidManifest.xml:47:13-82
231            android:directBootAware="true"
231-->[com.google.firebase:firebase-messaging:24.1.1] AndroidManifest.xml:48:13-43
232            android:exported="false" >
232-->[com.google.firebase:firebase-messaging:24.1.1] AndroidManifest.xml:49:13-37
233            <intent-filter android:priority="-500" >
233-->[:firebase_messaging] AndroidManifest.xml:21:13-23:29
234                <action android:name="com.google.firebase.MESSAGING_EVENT" />
234-->[:firebase_messaging] AndroidManifest.xml:22:17-78
234-->[:firebase_messaging] AndroidManifest.xml:22:25-75
235            </intent-filter>
236        </service>
237
238        <provider
238-->[com.mapbox.maps:android-core:11.11.0] AndroidManifest.xml:20:9-28:20
239            android:name="androidx.startup.InitializationProvider"
239-->[com.mapbox.maps:android-core:11.11.0] AndroidManifest.xml:21:13-67
240            android:authorities="com.tapmap.app.androidx-startup"
240-->[com.mapbox.maps:android-core:11.11.0] AndroidManifest.xml:22:13-68
241            android:exported="false" >
241-->[com.mapbox.maps:android-core:11.11.0] AndroidManifest.xml:23:13-37
242            <meta-data
242-->[com.mapbox.maps:android-core:11.11.0] AndroidManifest.xml:25:13-27:52
243                android:name="com.mapbox.maps.loader.MapboxMapsInitializer"
243-->[com.mapbox.maps:android-core:11.11.0] AndroidManifest.xml:26:17-76
244                android:value="androidx.startup" />
244-->[com.mapbox.maps:android-core:11.11.0] AndroidManifest.xml:27:17-49
245            <!-- This entry makes MapboxSDKCommonInitializer discoverable. -->
246            <meta-data
246-->[com.mapbox.common:common:24.11.0] AndroidManifest.xml:19:13-21:52
247                android:name="com.mapbox.common.MapboxSDKCommonInitializer"
247-->[com.mapbox.common:common:24.11.0] AndroidManifest.xml:20:17-76
248                android:value="androidx.startup" />
248-->[com.mapbox.common:common:24.11.0] AndroidManifest.xml:21:17-49
249            <meta-data
249-->[androidx.emoji2:emoji2:1.2.0] AndroidManifest.xml:29:13-31:52
250                android:name="androidx.emoji2.text.EmojiCompatInitializer"
250-->[androidx.emoji2:emoji2:1.2.0] AndroidManifest.xml:30:17-75
251                android:value="androidx.startup" />
251-->[androidx.emoji2:emoji2:1.2.0] AndroidManifest.xml:31:17-49
252            <meta-data
252-->[androidx.lifecycle:lifecycle-process:2.7.0] AndroidManifest.xml:29:13-31:52
253                android:name="androidx.lifecycle.ProcessLifecycleInitializer"
253-->[androidx.lifecycle:lifecycle-process:2.7.0] AndroidManifest.xml:30:17-78
254                android:value="androidx.startup" />
254-->[androidx.lifecycle:lifecycle-process:2.7.0] AndroidManifest.xml:31:17-49
255            <meta-data
255-->[androidx.profileinstaller:profileinstaller:1.3.1] AndroidManifest.xml:29:13-31:52
256                android:name="androidx.profileinstaller.ProfileInstallerInitializer"
256-->[androidx.profileinstaller:profileinstaller:1.3.1] AndroidManifest.xml:30:17-85
257                android:value="androidx.startup" />
257-->[androidx.profileinstaller:profileinstaller:1.3.1] AndroidManifest.xml:31:17-49
258        </provider>
259
260        <receiver
260-->[com.mapbox.common:common:24.11.0] AndroidManifest.xml:24:9-31:20
261            android:name="com.mapbox.common.location.LocationUpdatesReceiver"
261-->[com.mapbox.common:common:24.11.0] AndroidManifest.xml:25:13-78
262            android:enabled="true"
262-->[com.mapbox.common:common:24.11.0] AndroidManifest.xml:26:13-35
263            android:exported="false" >
263-->[com.mapbox.common:common:24.11.0] AndroidManifest.xml:27:13-37
264            <intent-filter>
264-->[com.mapbox.common:common:24.11.0] AndroidManifest.xml:28:13-30:29
265                <action android:name="com.mapbox.common.location.LocationUpdatesReceiver.ACTION_PROCESS_LOCATION_UPDATES" />
265-->[com.mapbox.common:common:24.11.0] AndroidManifest.xml:29:17-125
265-->[com.mapbox.common:common:24.11.0] AndroidManifest.xml:29:25-122
266            </intent-filter>
267        </receiver>
268
269        <service
269-->[com.mapbox.common:common:24.11.0] AndroidManifest.xml:33:9-35:40
270            android:name="com.mapbox.common.LifecycleService"
270-->[com.mapbox.common:common:24.11.0] AndroidManifest.xml:34:13-62
271            android:exported="false" />
271-->[com.mapbox.common:common:24.11.0] AndroidManifest.xml:35:13-37
272
273        <activity
273-->[com.google.android.gms:play-services-base:18.5.0] AndroidManifest.xml:5:9-173
274            android:name="com.google.android.gms.common.api.GoogleApiActivity"
274-->[com.google.android.gms:play-services-base:18.5.0] AndroidManifest.xml:5:19-85
275            android:exported="false"
275-->[com.google.android.gms:play-services-base:18.5.0] AndroidManifest.xml:5:146-170
276            android:theme="@android:style/Theme.Translucent.NoTitleBar" />
276-->[com.google.android.gms:play-services-base:18.5.0] AndroidManifest.xml:5:86-145
277
278        <provider
278-->[com.google.firebase:firebase-common:21.0.0] AndroidManifest.xml:23:9-28:39
279            android:name="com.google.firebase.provider.FirebaseInitProvider"
279-->[com.google.firebase:firebase-common:21.0.0] AndroidManifest.xml:24:13-77
280            android:authorities="com.tapmap.app.firebaseinitprovider"
280-->[com.google.firebase:firebase-common:21.0.0] AndroidManifest.xml:25:13-72
281            android:directBootAware="true"
281-->[com.google.firebase:firebase-common:21.0.0] AndroidManifest.xml:26:13-43
282            android:exported="false"
282-->[com.google.firebase:firebase-common:21.0.0] AndroidManifest.xml:27:13-37
283            android:initOrder="100" />
283-->[com.google.firebase:firebase-common:21.0.0] AndroidManifest.xml:28:13-36
284
285        <uses-library
285-->[androidx.window:window:1.2.0] AndroidManifest.xml:23:9-25:40
286            android:name="androidx.window.extensions"
286-->[androidx.window:window:1.2.0] AndroidManifest.xml:24:13-54
287            android:required="false" />
287-->[androidx.window:window:1.2.0] AndroidManifest.xml:25:13-37
288        <uses-library
288-->[androidx.window:window:1.2.0] AndroidManifest.xml:26:9-28:40
289            android:name="androidx.window.sidecar"
289-->[androidx.window:window:1.2.0] AndroidManifest.xml:27:13-51
290            android:required="false" />
290-->[androidx.window:window:1.2.0] AndroidManifest.xml:28:13-37
291
292        <meta-data
292-->[com.google.android.gms:play-services-basement:18.4.0] AndroidManifest.xml:6:9-122
293            android:name="com.google.android.gms.version"
293-->[com.google.android.gms:play-services-basement:18.4.0] AndroidManifest.xml:6:20-65
294            android:value="@integer/google_play_services_version" />
294-->[com.google.android.gms:play-services-basement:18.4.0] AndroidManifest.xml:6:66-119
295
296        <receiver
296-->[androidx.profileinstaller:profileinstaller:1.3.1] AndroidManifest.xml:34:9-52:20
297            android:name="androidx.profileinstaller.ProfileInstallReceiver"
297-->[androidx.profileinstaller:profileinstaller:1.3.1] AndroidManifest.xml:35:13-76
298            android:directBootAware="false"
298-->[androidx.profileinstaller:profileinstaller:1.3.1] AndroidManifest.xml:36:13-44
299            android:enabled="true"
299-->[androidx.profileinstaller:profileinstaller:1.3.1] AndroidManifest.xml:37:13-35
300            android:exported="true"
300-->[androidx.profileinstaller:profileinstaller:1.3.1] AndroidManifest.xml:38:13-36
301            android:permission="android.permission.DUMP" >
301-->[androidx.profileinstaller:profileinstaller:1.3.1] AndroidManifest.xml:39:13-57
302            <intent-filter>
302-->[androidx.profileinstaller:profileinstaller:1.3.1] AndroidManifest.xml:40:13-42:29
303                <action android:name="androidx.profileinstaller.action.INSTALL_PROFILE" />
303-->[androidx.profileinstaller:profileinstaller:1.3.1] AndroidManifest.xml:41:17-91
303-->[androidx.profileinstaller:profileinstaller:1.3.1] AndroidManifest.xml:41:25-88
304            </intent-filter>
305            <intent-filter>
305-->[androidx.profileinstaller:profileinstaller:1.3.1] AndroidManifest.xml:43:13-45:29
306                <action android:name="androidx.profileinstaller.action.SKIP_FILE" />
306-->[androidx.profileinstaller:profileinstaller:1.3.1] AndroidManifest.xml:44:17-85
306-->[androidx.profileinstaller:profileinstaller:1.3.1] AndroidManifest.xml:44:25-82
307            </intent-filter>
308            <intent-filter>
308-->[androidx.profileinstaller:profileinstaller:1.3.1] AndroidManifest.xml:46:13-48:29
309                <action android:name="androidx.profileinstaller.action.SAVE_PROFILE" />
309-->[androidx.profileinstaller:profileinstaller:1.3.1] AndroidManifest.xml:47:17-88
309-->[androidx.profileinstaller:profileinstaller:1.3.1] AndroidManifest.xml:47:25-85
310            </intent-filter>
311            <intent-filter>
311-->[androidx.profileinstaller:profileinstaller:1.3.1] AndroidManifest.xml:49:13-51:29
312                <action android:name="androidx.profileinstaller.action.BENCHMARK_OPERATION" />
312-->[androidx.profileinstaller:profileinstaller:1.3.1] AndroidManifest.xml:50:17-95
312-->[androidx.profileinstaller:profileinstaller:1.3.1] AndroidManifest.xml:50:25-92
313            </intent-filter>
314        </receiver>
315